<?xml version="1.0" encoding="UTF-8"?>
<!-- Generated by org.testng.reporters.JUnitReportReporter -->
<testsuite hostname="Mathi" failures="0" tests="2" name="ecommerce.Locators" time="0.132" errors="0" timestamp="2025-02-26T00:34:31 IST" skipped="0">
  <testcase classname="ecommerce.Locators" name="test1" time="0.027"/>
  <testcase classname="ecommerce.Locators" name="locator" time="0.105"/>
</testsuite> <!-- ecommerce.Locators -->
