<?xml version="1.0" encoding="UTF-8"?>
<!-- Generated by org.testng.reporters.JUnitReportReporter -->
<testsuite hostname="Mathi" failures="0" tests="1" name="ecommerce.GetMethods" time="0.007" errors="0" timestamp="2025-02-26T23:23:56 IST" skipped="0">
  <testcase classname="ecommerce.GetMethods" name="conditionStatement" time="0.007"/>
</testsuite> <!-- ecommerce.GetMethods -->
